TN:
SF:src\App.jsx
FN:9,LoginWithNavigate
FN:15,render
FNF:2
FNH:2
FNDA:2,LoginWithNavigate
FNDA:2,render
DA:1,1
DA:2,1
DA:3,1
DA:4,1
DA:5,1
DA:6,1
DA:9,1
DA:10,2
DA:11,2
DA:12,2
DA:14,1
DA:15,1
DA:16,2
DA:17,2
DA:18,2
DA:19,2
DA:21,2
DA:22,2
DA:23,2
DA:24,2
DA:25,2
DA:26,2
DA:27,2
DA:29,2
DA:30,1
DA:32,1
LF:26
LH:26
BRDA:9,0,0,2
BRDA:15,1,0,2
BRF:2
BRH:2
end_of_record
TN:
SF:src\main.jsx
FN:1,(empty-report)
FNF:1
FNH:0
FNDA:0,(empty-report)
DA:1,0
DA:2,0
DA:3,0
DA:4,0
DA:5,0
DA:7,0
DA:9,0
DA:10,0
DA:11,0
DA:12,0
DA:13,0
DA:14,0
DA:15,0
LF:13
LH:0
BRDA:1,0,0,0
BRF:1
BRH:0
end_of_record
TN:
SF:src\API\employeeApi.js
FN:5,getEmployees
FN:14,getEmployeeById
FN:23,createEmployee
FN:32,updateEmployee
FN:41,deleteEmployee
FNF:5
FNH:2
FNDA:6,getEmployees
FNDA:0,getEmployeeById
FNDA:0,createEmployee
FNDA:0,updateEmployee
FNDA:1,deleteEmployee
DA:1,1
DA:2,1
DA:3,1
DA:4,1
DA:5,1
DA:6,6
DA:7,6
DA:8,6
DA:9,6
DA:10,1
DA:11,1
DA:12,6
DA:13,1
DA:14,1
DA:15,0
DA:16,0
DA:17,0
DA:18,0
DA:19,0
DA:20,0
DA:21,0
DA:22,1
DA:23,1
DA:24,0
DA:25,0
DA:26,0
DA:27,0
DA:28,0
DA:29,0
DA:30,0
DA:31,1
DA:32,1
DA:33,0
DA:34,0
DA:35,0
DA:36,0
DA:37,0
DA:38,0
DA:39,0
DA:40,1
DA:41,1
DA:42,1
DA:43,1
DA:44,1
DA:45,1
DA:46,0
DA:47,0
DA:48,1
LF:48
LH:25
BRDA:5,0,0,6
BRDA:9,1,0,1
BRDA:41,2,0,1
BRDA:45,3,0,0
BRF:4
BRH:3
end_of_record
TN:
SF:src\component\EmployeeForm.jsx
FN:14,<instance_members_initializer>
FN:32,componentDidMount
FN:36,fetchEmployeeData
FN:67,handleChange
FN:75,handleReset
FN:92,handleCheckboxChange
FN:103,validateForm
FN:130,handleSubmit
FN:175,render
FN:415,onClick
FNF:10
FNH:9
FNDA:11,<instance_members_initializer>
FNDA:11,componentDidMount
FNDA:11,fetchEmployeeData
FNDA:8,handleChange
FNDA:2,handleReset
FNDA:1,handleCheckboxChange
FNDA:3,validateForm
FNDA:3,handleSubmit
FNDA:25,render
FNDA:0,onClick
DA:1,1
DA:2,1
DA:3,1
DA:4,1
DA:5,1
DA:6,1
DA:7,1
DA:8,1
DA:14,1
DA:15,11
DA:16,11
DA:17,11
DA:18,11
DA:19,11
DA:20,11
DA:21,11
DA:22,11
DA:23,11
DA:24,11
DA:25,11
DA:26,11
DA:27,11
DA:28,11
DA:29,11
DA:30,11
DA:32,11
DA:33,11
DA:34,11
DA:36,11
DA:37,11
DA:38,11
DA:39,0
DA:40,0
DA:41,0
DA:42,0
DA:43,0
DA:44,0
DA:45,0
DA:47,0
DA:48,0
DA:49,0
DA:50,0
DA:51,0
DA:52,0
DA:54,0
DA:55,0
DA:56,0
DA:57,0
DA:58,0
DA:59,0
DA:60,0
DA:61,0
DA:62,0
DA:63,0
DA:64,0
DA:65,11
DA:67,11
DA:68,8
DA:69,8
DA:70,8
DA:71,8
DA:72,8
DA:73,8
DA:75,11
DA:76,2
DA:77,2
DA:78,2
DA:79,2
DA:80,2
DA:81,2
DA:82,2
DA:83,2
DA:84,2
DA:85,2
DA:86,2
DA:87,2
DA:88,2
DA:89,2
DA:90,2
DA:92,11
DA:93,1
DA:95,1
DA:96,1
DA:97,1
DA:98,0
DA:99,1
DA:100,1
DA:101,1
DA:103,11
DA:104,3
DA:105,3
DA:106,3
DA:107,3
DA:108,3
DA:109,3
DA:110,3
DA:111,3
DA:112,3
DA:113,3
DA:114,3
DA:116,3
DA:117,3
DA:118,3
DA:119,3
DA:120,3
DA:121,3
DA:122,3
DA:123,3
DA:124,3
DA:126,3
DA:127,3
DA:128,3
DA:130,11
DA:131,3
DA:133,3
DA:134,3
DA:135,3
DA:137,0
DA:138,0
DA:139,0
DA:140,0
DA:141,0
DA:142,0
DA:143,0
DA:144,0
DA:145,0
DA:146,0
DA:147,0
DA:148,0
DA:149,0
DA:151,3
DA:152,0
DA:153,0
DA:154,0
DA:155,0
DA:156,0
DA:157,0
DA:159,0
DA:160,0
DA:161,0
DA:162,0
DA:163,0
DA:164,0
DA:165,0
DA:166,0
DA:167,0
DA:168,0
DA:169,0
DA:170,0
DA:171,0
DA:172,0
DA:173,3
DA:175,11
DA:176,25
DA:177,0
DA:178,0
DA:180,25
DA:182,25
DA:183,25
DA:184,25
DA:185,25
DA:186,25
DA:187,25
DA:189,25
DA:190,25
DA:191,0
DA:194,25
DA:195,25
DA:196,25
DA:197,25
DA:198,25
DA:199,25
DA:200,25
DA:201,25
DA:202,25
DA:203,25
DA:204,25
DA:205,25
DA:206,25
DA:207,2
DA:209,25
DA:210,25
DA:212,25
DA:213,25
DA:215,25
DA:216,25
DA:217,25
DA:218,25
DA:219,25
DA:220,25
DA:221,25
DA:222,25
DA:223,75
DA:224,75
DA:225,75
DA:226,75
DA:227,75
DA:228,75
DA:229,75
DA:230,75
DA:231,75
DA:232,75
DA:233,75
DA:234,75
DA:235,75
DA:236,25
DA:237,25
DA:238,25
DA:239,3
DA:241,25
DA:242,25
DA:244,25
DA:245,25
DA:246,25
DA:247,25
DA:248,25
DA:249,25
DA:250,25
DA:251,25
DA:252,25
DA:253,25
DA:254,25
DA:255,25
DA:256,25
DA:257,25
DA:259,25
DA:260,25
DA:261,25
DA:262,25
DA:263,25
DA:264,25
DA:265,25
DA:266,25
DA:267,25
DA:268,25
DA:270,25
DA:271,25
DA:272,25
DA:273,3
DA:275,25
DA:276,25
DA:278,25
DA:279,25
DA:280,25
DA:281,25
DA:282,25
DA:283,25
DA:284,125
DA:285,125
DA:286,125
DA:287,125
DA:288,125
DA:289,125
DA:290,125
DA:291,125
DA:292,125
DA:293,125
DA:294,125
DA:296,25
DA:297,25
DA:298,25
DA:299,3
DA:301,25
DA:302,25
DA:304,25
DA:305,25
DA:306,25
DA:307,25
DA:308,25
DA:309,25
DA:310,25
DA:311,25
DA:312,25
DA:314,25
DA:315,25
DA:316,25
DA:317,25
DA:318,25
DA:319,3
DA:321,25
DA:322,25
DA:324,25
DA:325,25
DA:326,25
DA:327,25
DA:328,25
DA:329,25
DA:330,25
DA:331,25
DA:332,25
DA:333,25
DA:335,25
DA:336,25
DA:337,775
DA:338,775
DA:339,775
DA:340,25
DA:341,25
DA:342,25
DA:343,25
DA:344,25
DA:345,25
DA:346,25
DA:348,25
DA:349,25
DA:350,25
DA:351,25
DA:352,25
DA:353,25
DA:354,25
DA:355,25
DA:356,25
DA:357,25
DA:358,25
DA:359,25
DA:360,25
DA:361,25
DA:362,25
DA:363,300
DA:364,300
DA:365,300
DA:366,25
DA:367,25
DA:368,25
DA:369,25
DA:370,25
DA:371,25
DA:372,25
DA:374,25
DA:375,25
DA:376,1250
DA:377,1250
DA:378,1250
DA:379,1250
DA:380,1250
DA:382,25
DA:383,25
DA:384,25
DA:385,25
DA:386,22
DA:387,22
DA:388,3
DA:389,3
DA:390,0
DA:391,0
DA:392,3
DA:394,25
DA:395,25
DA:397,25
DA:398,25
DA:399,25
DA:400,25
DA:401,25
DA:402,25
DA:403,25
DA:404,25
DA:405,25
DA:406,25
DA:407,25
DA:408,25
DA:409,25
DA:411,25
DA:412,25
DA:413,25
DA:414,25
DA:415,25
DA:416,25
DA:417,25
DA:419,25
DA:420,25
DA:421,25
DA:422,25
DA:423,25
DA:424,25
DA:426,25
DA:427,0
DA:428,25
DA:429,0
DA:430,25
DA:431,25
DA:432,25
DA:433,25
DA:434,25
DA:435,25
DA:436,25
DA:437,25
DA:439,25
DA:440,25
DA:441,25
DA:442,25
DA:443,25
DA:444,25
DA:446,25
DA:447,11
DA:449,1
LF:395
LH:330
BRDA:14,0,0,11
BRDA:32,1,0,11
BRDA:36,2,0,11
BRDA:38,3,0,0
BRDA:67,4,0,8
BRDA:69,5,0,8
BRDA:75,6,0,2
BRDA:92,7,0,1
BRDA:95,8,0,1
BRDA:97,9,0,0
BRDA:103,10,0,3
BRDA:116,11,0,2
BRDA:130,12,0,3
BRDA:135,13,0,0
BRDA:151,14,0,0
BRDA:151,15,0,0
BRDA:175,16,0,25
BRDA:176,17,0,0
BRDA:189,18,0,0
BRDA:190,19,0,0
BRDA:202,20,0,21
BRDA:206,21,0,2
BRDA:238,22,0,3
BRDA:272,23,0,3
BRDA:298,24,0,3
BRDA:318,25,0,3
BRDA:385,26,0,22
BRDA:386,27,0,22
BRDA:387,28,0,3
BRDA:389,29,0,0
BRDA:390,30,0,0
BRDA:426,31,0,0
BRDA:428,32,0,0
BRDA:222,33,0,75
BRDA:283,34,0,125
BRDA:336,35,0,775
BRDA:362,36,0,300
BRDA:375,37,0,1250
BRF:38
BRH:26
end_of_record
TN:
SF:src\component\EmployeeList.jsx
FN:8,<instance_members_initializer>
FN:15,componentDidMount
FN:19,fetchEmployees
FN:28,handleEdit
FN:32,handleDelete
FN:41,handleSearch
FN:45,formatDate
FN:56,highlightText
FN:80,render
FN:161,onError
FN:194,onClick
FN:201,onClick
FNF:12
FNH:8
FNDA:5,<instance_members_initializer>
FNDA:5,componentDidMount
FNDA:6,fetchEmployees
FNDA:0,handleEdit
FNDA:1,handleDelete
FNDA:0,handleSearch
FNDA:8,formatDate
FNDA:20,highlightText
FNDA:8,render
FNDA:0,onError
FNDA:1,onClick
FNDA:0,onClick
DA:1,1
DA:2,1
DA:3,1
DA:4,1
DA:5,1
DA:6,1
DA:8,1
DA:9,5
DA:10,5
DA:11,5
DA:12,5
DA:13,5
DA:15,5
DA:16,5
DA:17,5
DA:19,5
DA:20,6
DA:21,6
DA:22,5
DA:23,6
DA:24,1
DA:25,1
DA:26,6
DA:28,5
DA:29,0
DA:30,0
DA:32,5
DA:33,1
DA:34,1
DA:35,1
DA:36,1
DA:37,0
DA:38,0
DA:39,1
DA:41,5
DA:42,0
DA:43,0
DA:45,5
DA:46,8
DA:47,8
DA:48,8
DA:49,8
DA:50,8
DA:51,8
DA:52,8
DA:53,8
DA:54,8
DA:56,5
DA:57,20
DA:59,0
DA:60,0
DA:62,0
DA:64,0
DA:65,0
DA:67,0
DA:68,0
DA:69,0
DA:71,0
DA:72,0
DA:73,0
DA:74,0
DA:75,0
DA:76,0
DA:78,20
DA:80,5
DA:81,8
DA:83,8
DA:84,4
DA:86,4
DA:87,4
DA:88,4
DA:89,4
DA:90,0
DA:91,4
DA:93,4
DA:94,4
DA:96,4
DA:97,4
DA:99,4
DA:100,4
DA:101,0
DA:102,0
DA:103,0
DA:104,0
DA:105,0
DA:107,8
DA:109,8
DA:110,8
DA:111,8
DA:113,8
DA:114,8
DA:115,8
DA:116,8
DA:118,8
DA:119,8
DA:120,8
DA:121,8
DA:122,8
DA:123,8
DA:124,8
DA:125,8
DA:126,8
DA:127,8
DA:128,8
DA:129,8
DA:130,8
DA:131,8
DA:132,8
DA:134,8
DA:136,8
DA:137,8
DA:138,8
DA:139,8
DA:140,8
DA:141,8
DA:142,8
DA:143,8
DA:144,8
DA:145,8
DA:146,8
DA:147,8
DA:148,8
DA:149,8
DA:150,2
DA:151,4
DA:152,4
DA:153,4
DA:154,4
DA:155,4
DA:156,0
DA:157,4
DA:159,4
DA:160,4
DA:161,4
DA:162,4
DA:163,4
DA:164,4
DA:165,4
DA:166,4
DA:167,4
DA:168,4
DA:169,4
DA:170,4
DA:171,4
DA:172,4
DA:174,0
DA:175,0
DA:176,0
DA:177,0
DA:178,0
DA:179,0
DA:181,4
DA:182,4
DA:183,4
DA:184,4
DA:185,4
DA:186,4
DA:187,4
DA:188,4
DA:189,4
DA:190,4
DA:191,4
DA:192,4
DA:193,4
DA:194,4
DA:195,4
DA:197,4
DA:198,4
DA:199,4
DA:200,4
DA:201,4
DA:202,4
DA:204,4
DA:205,4
DA:206,4
DA:207,4
DA:208,4
DA:209,2
DA:211,6
DA:212,6
DA:213,6
DA:215,8
DA:216,8
DA:217,8
DA:219,8
DA:220,5
DA:222,1
LF:187
LH:154
BRDA:8,0,0,5
BRDA:15,1,0,5
BRDA:19,2,0,6
BRDA:21,3,0,5
BRDA:23,4,0,1
BRDA:32,5,0,1
BRDA:36,6,0,0
BRDA:45,7,0,8
BRDA:46,8,0,0
BRDA:48,9,0,0
BRDA:56,10,0,20
BRDA:57,11,0,0
BRDA:57,12,0,0
BRDA:80,13,0,8
BRDA:134,14,0,0
BRDA:149,15,0,2
BRDA:209,16,0,6
BRDA:83,17,0,4
BRDA:89,18,0,0
BRDA:96,19,0,0
BRDA:100,20,0,0
BRDA:101,21,0,0
BRDA:102,22,0,0
BRDA:103,23,0,0
BRDA:104,24,0,0
BRDA:89,25,0,4
BRDA:150,26,0,4
BRDA:155,27,0,0
BRDA:172,28,0,0
BRDA:168,29,0,4
BRDA:194,30,0,1
BRF:31
BRH:16
end_of_record
TN:
SF:src\component\Header.jsx
FN:7,Header
FN:17,handleLogout
FN:37,onClick
FNF:3
FNH:3
FNDA:58,Header
FNDA:1,handleLogout
FNDA:2,onClick
DA:1,1
DA:2,1
DA:3,1
DA:4,1
DA:5,1
DA:7,1
DA:8,58
DA:9,58
DA:10,58
DA:12,58
DA:13,19
DA:14,19
DA:15,58
DA:17,58
DA:18,1
DA:19,1
DA:20,1
DA:22,58
DA:23,58
DA:24,58
DA:25,58
DA:26,58
DA:27,58
DA:28,58
DA:29,58
DA:30,58
DA:33,58
DA:35,58
DA:36,58
DA:37,58
DA:38,58
DA:39,58
DA:41,58
DA:42,58
DA:43,58
DA:46,58
DA:47,3
DA:48,3
DA:49,3
DA:51,3
DA:52,3
DA:54,58
DA:55,58
DA:57,58
DA:59,1
LF:45
LH:45
BRDA:7,0,0,58
BRDA:46,1,0,3
BRDA:12,2,0,19
BRDA:14,3,0,2
BRDA:14,4,0,17
BRDA:17,5,0,1
BRDA:37,6,0,2
BRF:7
BRH:7
end_of_record
TN:
SF:src\component\Login.jsx
FN:9,<instance_members_initializer>
FN:10,Login
FN:18,handleSuccess
FN:33,handleError
FN:37,handleLogout
FN:42,render
FNF:6
FNH:3
FNDA:3,<instance_members_initializer>
FNDA:3,Login
FNDA:0,handleSuccess
FNDA:0,handleError
FNDA:0,handleLogout
FNDA:3,render
DA:1,1
DA:2,1
DA:3,1
DA:4,1
DA:5,1
DA:7,1
DA:9,1
DA:10,3
DA:11,3
DA:12,3
DA:13,3
DA:14,3
DA:15,3
DA:16,3
DA:18,3
DA:19,0
DA:20,0
DA:22,0
DA:25,0
DA:28,0
DA:29,0
DA:30,0
DA:31,0
DA:33,3
DA:34,0
DA:35,0
DA:37,3
DA:38,0
DA:39,0
DA:40,0
DA:42,3
DA:43,3
DA:44,3
DA:45,3
DA:46,3
DA:47,3
DA:49,3
DA:50,3
DA:52,3
DA:54,3
DA:55,0
DA:56,3
DA:57,0
DA:58,0
DA:59,0
DA:60,0
DA:61,0
DA:62,0
DA:63,0
DA:64,0
DA:65,0
DA:67,0
DA:68,0
DA:70,3
DA:71,3
DA:72,3
DA:73,3
DA:74,3
DA:76,3
DA:78,3
DA:79,3
DA:80,3
DA:82,3
DA:83,3
DA:85,1
LF:65
LH:40
BRDA:9,0,0,3
BRDA:10,1,0,3
BRDA:42,2,0,3
BRDA:54,3,0,0
BRDA:56,4,0,0
BRF:5
BRH:3
end_of_record
TN:
SF:src\utils\withRouter.js
FN:1,(empty-report)
FNF:1
FNH:0
FNDA:0,(empty-report)
DA:1,0
DA:2,0
DA:3,0
DA:4,0
DA:5,0
DA:6,0
DA:7,0
DA:8,0
DA:9,0
DA:10,0
LF:10
LH:0
BRDA:1,0,0,0
BRF:1
BRH:0
end_of_record
