TN:
SF:src\App.jsx
FN:9,LoginWithNavigate
FN:15,render
FNF:2
FNH:2
FNDA:1,LoginWithNavigate
FNDA:1,render
DA:1,1
DA:2,1
DA:3,1
DA:4,1
DA:5,1
DA:6,1
DA:9,1
DA:10,1
DA:11,1
DA:12,1
DA:14,1
DA:15,1
DA:16,1
DA:17,1
DA:18,1
DA:19,1
DA:21,1
DA:22,1
DA:23,1
DA:24,1
DA:25,1
DA:26,1
DA:27,1
DA:29,1
DA:30,1
DA:32,1
LF:26
LH:26
BRDA:9,0,0,1
BRDA:15,1,0,1
BRF:2
BRH:2
end_of_record
TN:
SF:src\main.jsx
FN:1,(empty-report)
FNF:1
FNH:0
FNDA:0,(empty-report)
DA:1,0
DA:2,0
DA:3,0
DA:4,0
DA:5,0
DA:7,0
DA:9,0
DA:10,0
DA:11,0
DA:12,0
DA:13,0
DA:14,0
DA:15,0
LF:13
LH:0
BRDA:1,0,0,0
BRF:1
BRH:0
end_of_record
TN:
SF:src\component\EmployeeForm.jsx
FN:11,<instance_members_initializer>
FN:28,componentDidMount
FN:58,handleChange
FN:65,handleReset
FN:72,handleCheckboxChange
FN:88,validateForm
FN:115,handleSubmit
FN:160,render
FN:344,onClick
FNF:9
FNH:8
FNDA:8,<instance_members_initializer>
FNDA:8,componentDidMount
FNDA:6,handleChange
FNDA:1,handleReset
FNDA:1,handleCheckboxChange
FNDA:2,validateForm
FNDA:2,handleSubmit
FNDA:18,render
FNDA:0,onClick
DA:1,1
DA:2,1
DA:3,1
DA:4,1
DA:6,1
DA:7,1
DA:8,1
DA:9,1
DA:11,1
DA:12,8
DA:13,8
DA:14,8
DA:15,8
DA:16,8
DA:17,8
DA:18,8
DA:19,8
DA:20,8
DA:21,8
DA:22,8
DA:23,8
DA:24,8
DA:25,8
DA:26,8
DA:28,8
DA:29,8
DA:31,8
DA:32,0
DA:33,0
DA:34,0
DA:35,0
DA:36,0
DA:37,0
DA:38,0
DA:39,0
DA:40,0
DA:41,0
DA:42,0
DA:43,0
DA:44,0
DA:45,0
DA:46,0
DA:47,0
DA:48,0
DA:49,0
DA:50,0
DA:51,0
DA:52,0
DA:53,0
DA:54,0
DA:55,0
DA:56,8
DA:58,8
DA:59,6
DA:60,6
DA:61,6
DA:62,6
DA:63,6
DA:65,8
DA:66,1
DA:67,1
DA:68,1
DA:70,1
DA:71,1
DA:72,8
DA:73,1
DA:74,1
DA:76,1
DA:77,1
DA:78,1
DA:79,1
DA:80,1
DA:81,1
DA:82,0
DA:83,0
DA:84,0
DA:85,0
DA:86,1
DA:88,8
DA:89,2
DA:90,2
DA:91,2
DA:92,2
DA:93,2
DA:94,2
DA:95,2
DA:96,2
DA:97,2
DA:98,2
DA:99,2
DA:101,2
DA:102,2
DA:103,2
DA:104,2
DA:105,2
DA:106,2
DA:107,2
DA:108,2
DA:109,2
DA:111,2
DA:112,2
DA:113,2
DA:115,8
DA:116,2
DA:118,2
DA:119,2
DA:120,2
DA:122,0
DA:123,0
DA:124,0
DA:125,0
DA:126,0
DA:127,0
DA:128,0
DA:129,0
DA:130,0
DA:131,0
DA:133,2
DA:134,0
DA:135,0
DA:136,0
DA:137,0
DA:138,0
DA:139,0
DA:141,0
DA:142,0
DA:143,0
DA:144,0
DA:145,0
DA:146,0
DA:147,0
DA:148,0
DA:149,0
DA:150,0
DA:151,0
DA:152,0
DA:153,0
DA:154,0
DA:155,0
DA:156,0
DA:157,0
DA:158,2
DA:160,8
DA:161,18
DA:162,0
DA:163,0
DA:165,18
DA:167,18
DA:168,18
DA:169,18
DA:170,18
DA:171,18
DA:172,18
DA:174,18
DA:175,18
DA:176,18
DA:177,18
DA:178,18
DA:179,18
DA:180,18
DA:181,18
DA:182,18
DA:184,18
DA:185,18
DA:186,18
DA:187,18
DA:188,18
DA:189,18
DA:190,18
DA:191,18
DA:192,54
DA:193,54
DA:194,54
DA:195,54
DA:196,54
DA:197,54
DA:198,54
DA:199,54
DA:200,54
DA:201,54
DA:202,18
DA:203,18
DA:204,18
DA:205,2
DA:207,18
DA:209,18
DA:210,18
DA:211,18
DA:212,18
DA:213,18
DA:214,18
DA:215,18
DA:216,18
DA:217,18
DA:218,18
DA:220,18
DA:221,18
DA:222,18
DA:223,18
DA:224,18
DA:225,18
DA:226,18
DA:227,18
DA:228,18
DA:230,18
DA:231,18
DA:232,18
DA:233,2
DA:236,18
DA:237,18
DA:238,18
DA:239,90
DA:240,90
DA:241,90
DA:242,90
DA:243,90
DA:244,90
DA:245,90
DA:246,90
DA:247,90
DA:248,18
DA:249,18
DA:250,18
DA:251,2
DA:254,18
DA:255,18
DA:256,18
DA:257,18
DA:258,18
DA:259,18
DA:261,18
DA:262,18
DA:263,18
DA:264,18
DA:266,18
DA:267,2
DA:270,18
DA:271,18
DA:272,18
DA:273,18
DA:274,18
DA:275,18
DA:277,18
DA:278,18
DA:279,558
DA:280,558
DA:281,558
DA:282,18
DA:283,18
DA:284,18
DA:285,18
DA:286,18
DA:287,18
DA:289,18
DA:290,18
DA:291,18
DA:292,18
DA:293,18
DA:294,18
DA:295,18
DA:296,18
DA:297,18
DA:298,18
DA:299,18
DA:300,18
DA:301,18
DA:302,18
DA:303,18
DA:304,216
DA:305,216
DA:306,216
DA:307,18
DA:308,18
DA:309,18
DA:310,18
DA:311,18
DA:312,18
DA:314,18
DA:315,18
DA:316,900
DA:317,900
DA:318,900
DA:319,18
DA:320,18
DA:321,18
DA:322,18
DA:323,16
DA:324,16
DA:325,2
DA:326,2
DA:327,0
DA:328,0
DA:329,2
DA:332,18
DA:333,18
DA:334,18
DA:335,18
DA:336,18
DA:337,18
DA:338,18
DA:340,18
DA:341,18
DA:342,18
DA:343,18
DA:344,18
DA:345,18
DA:347,18
DA:348,18
DA:349,18
DA:350,18
DA:351,18
DA:352,18
DA:353,18
DA:354,18
DA:355,18
DA:356,18
DA:358,18
DA:359,18
DA:360,18
DA:361,18
DA:362,18
DA:363,18
DA:365,18
DA:366,8
DA:368,1
LF:325
LH:260
BRDA:11,0,0,8
BRDA:28,1,0,8
BRDA:31,2,0,0
BRDA:58,3,0,6
BRDA:65,4,0,1
BRDA:72,5,0,1
BRDA:81,6,0,0
BRDA:88,7,0,2
BRDA:101,8,0,1
BRDA:115,9,0,2
BRDA:120,10,0,0
BRDA:133,11,0,0
BRDA:133,12,0,0
BRDA:160,13,0,18
BRDA:161,14,0,0
BRDA:182,15,0,1
BRDA:204,16,0,2
BRDA:232,17,0,2
BRDA:250,18,0,2
BRDA:266,19,0,2
BRDA:322,20,0,16
BRDA:323,21,0,16
BRDA:324,22,0,2
BRDA:326,23,0,0
BRDA:327,24,0,0
BRDA:350,25,0,0
BRDA:191,26,0,54
BRDA:238,27,0,90
BRDA:278,28,0,558
BRDA:303,29,0,216
BRDA:315,30,0,900
BRF:31
BRH:22
end_of_record
TN:
SF:src\component\EmployeeList.jsx
FN:8,<instance_members_initializer>
FN:14,componentDidMount
FN:18,fetchEmployees
FN:27,handleEdit
FN:31,handleDelete
FN:40,handleSearch
FN:44,formatDate
FN:55,highlightText
FN:79,render
FN:159,onError
FN:192,onClick
FN:199,onClick
FNF:12
FNH:10
FNDA:6,<instance_members_initializer>
FNDA:6,componentDidMount
FNDA:7,fetchEmployees
FNDA:1,handleEdit
FNDA:1,handleDelete
FNDA:0,handleSearch
FNDA:12,formatDate
FNDA:30,highlightText
FNDA:10,render
FNDA:0,onError
FNDA:1,onClick
FNDA:1,onClick
DA:1,1
DA:2,1
DA:3,1
DA:4,1
DA:5,1
DA:6,1
DA:8,1
DA:9,6
DA:10,6
DA:11,6
DA:12,6
DA:14,6
DA:15,6
DA:16,6
DA:18,6
DA:19,7
DA:20,7
DA:21,7
DA:22,7
DA:23,1
DA:24,1
DA:25,7
DA:27,6
DA:28,1
DA:29,1
DA:31,6
DA:32,1
DA:33,1
DA:34,1
DA:35,1
DA:36,0
DA:37,0
DA:38,1
DA:40,6
DA:41,0
DA:42,0
DA:44,6
DA:45,12
DA:46,12
DA:47,12
DA:48,12
DA:49,12
DA:50,12
DA:51,12
DA:52,12
DA:53,12
DA:55,6
DA:56,30
DA:58,0
DA:59,0
DA:61,0
DA:63,0
DA:64,0
DA:66,0
DA:67,0
DA:68,0
DA:70,0
DA:71,0
DA:72,0
DA:73,0
DA:74,0
DA:75,0
DA:77,30
DA:79,6
DA:80,10
DA:82,10
DA:83,6
DA:85,6
DA:86,6
DA:87,6
DA:88,6
DA:89,0
DA:90,6
DA:92,6
DA:93,6
DA:95,6
DA:96,6
DA:98,6
DA:99,6
DA:100,0
DA:101,0
DA:102,0
DA:103,0
DA:104,0
DA:106,10
DA:108,10
DA:109,10
DA:110,10
DA:112,10
DA:113,10
DA:114,10
DA:115,10
DA:117,10
DA:118,10
DA:119,10
DA:120,10
DA:121,10
DA:122,10
DA:123,10
DA:124,10
DA:125,10
DA:126,10
DA:127,10
DA:128,10
DA:129,10
DA:130,10
DA:131,10
DA:132,10
DA:134,10
DA:135,10
DA:136,10
DA:137,10
DA:138,10
DA:139,10
DA:140,10
DA:141,10
DA:142,10
DA:143,10
DA:144,10
DA:145,10
DA:146,10
DA:147,10
DA:148,3
DA:149,6
DA:150,6
DA:151,6
DA:152,6
DA:153,6
DA:154,0
DA:155,6
DA:157,6
DA:158,6
DA:159,6
DA:160,6
DA:161,6
DA:162,6
DA:163,6
DA:164,6
DA:165,6
DA:166,6
DA:167,6
DA:168,6
DA:169,6
DA:170,6
DA:172,0
DA:173,0
DA:174,0
DA:175,0
DA:176,0
DA:177,0
DA:179,6
DA:180,6
DA:181,6
DA:182,6
DA:183,6
DA:184,6
DA:185,6
DA:186,6
DA:187,6
DA:188,6
DA:189,6
DA:190,6
DA:191,6
DA:192,6
DA:193,6
DA:195,6
DA:196,6
DA:197,6
DA:198,6
DA:199,6
DA:200,6
DA:202,6
DA:203,6
DA:204,6
DA:205,6
DA:206,6
DA:207,3
DA:209,7
DA:210,7
DA:211,7
DA:213,10
DA:214,10
DA:215,10
DA:217,10
DA:218,6
DA:220,1
LF:186
LH:155
BRDA:8,0,0,6
BRDA:14,1,0,6
BRDA:18,2,0,7
BRDA:22,3,0,1
BRDA:27,4,0,1
BRDA:31,5,0,1
BRDA:35,6,0,0
BRDA:44,7,0,12
BRDA:45,8,0,0
BRDA:47,9,0,0
BRDA:55,10,0,30
BRDA:56,11,0,0
BRDA:56,12,0,0
BRDA:79,13,0,10
BRDA:147,14,0,3
BRDA:207,15,0,7
BRDA:82,16,0,6
BRDA:88,17,0,0
BRDA:95,18,0,0
BRDA:99,19,0,0
BRDA:100,20,0,0
BRDA:101,21,0,0
BRDA:102,22,0,0
BRDA:103,23,0,0
BRDA:88,24,0,6
BRDA:148,25,0,6
BRDA:153,26,0,0
BRDA:170,27,0,0
BRDA:166,28,0,6
BRDA:192,29,0,1
BRDA:199,30,0,1
BRF:31
BRH:17
end_of_record
TN:
SF:src\component\Header.jsx
FN:7,render
FNF:1
FNH:1
FNDA:28,render
DA:1,1
DA:2,1
DA:3,1
DA:4,1
DA:6,1
DA:7,1
DA:8,28
DA:9,28
DA:10,28
DA:11,28
DA:12,28
DA:13,28
DA:14,28
DA:16,28
DA:17,1
DA:19,1
LF:16
LH:16
BRDA:7,0,0,28
BRF:1
BRH:1
end_of_record
TN:
SF:src\component\Login.jsx
FN:9,<instance_members_initializer>
FN:10,Login
FN:18,handleSuccess
FN:33,handleError
FN:37,handleLogout
FN:43,render
FNF:6
FNH:3
FNDA:1,<instance_members_initializer>
FNDA:1,Login
FNDA:0,handleSuccess
FNDA:0,handleError
FNDA:0,handleLogout
FNDA:1,render
DA:1,1
DA:2,1
DA:3,1
DA:4,1
DA:5,1
DA:7,1
DA:9,1
DA:10,1
DA:11,1
DA:12,1
DA:13,1
DA:14,1
DA:15,1
DA:16,1
DA:18,1
DA:19,0
DA:20,0
DA:21,0
DA:22,0
DA:25,0
DA:28,0
DA:29,0
DA:30,0
DA:31,0
DA:33,1
DA:34,0
DA:35,0
DA:37,1
DA:38,0
DA:39,0
DA:40,0
DA:41,0
DA:43,1
DA:44,1
DA:45,1
DA:46,1
DA:47,1
DA:48,1
DA:50,1
DA:51,1
DA:53,1
DA:55,1
DA:56,0
DA:57,1
DA:58,0
DA:59,0
DA:60,0
DA:61,0
DA:62,0
DA:63,0
DA:64,0
DA:65,0
DA:66,0
DA:68,0
DA:69,0
DA:71,1
DA:72,1
DA:73,1
DA:74,1
DA:75,1
DA:77,1
DA:78,1
DA:79,1
DA:81,1
DA:82,1
DA:84,1
LF:66
LH:39
BRDA:9,0,0,1
BRDA:10,1,0,1
BRDA:43,2,0,1
BRDA:55,3,0,0
BRDA:57,4,0,0
BRF:5
BRH:3
end_of_record
TN:
SF:src\utils\withRouter.js
FN:1,(empty-report)
FNF:1
FNH:0
FNDA:0,(empty-report)
DA:1,0
DA:2,0
DA:3,0
DA:4,0
DA:5,0
DA:6,0
DA:7,0
DA:8,0
DA:9,0
DA:10,0
LF:10
LH:0
BRDA:1,0,0,0
BRF:1
BRH:0
end_of_record
